<?xml version="1.0" encoding="utf-8"?><testsuites name="pytest tests"><testsuite name="pytest" errors="0" failures="2" skipped="0" tests="48" time="2.704" timestamp="2026-01-01T17:08:22.175655+00:00" hostname="agent-env-c7113736-6e2b-42a7-9812-96563ccf22cb"><testcase classname="tests.test_comprehensive_erp.TestAuthentication" name="test_login_admin" time="0.315" /><testcase classname="tests.test_comprehensive_erp.TestAuthentication" name="test_login_invalid_credentials" time="0.042" /><testcase classname="tests.test_comprehensive_erp.TestAdminDashboard" name="test_get_dashboard" time="0.043"><failure message="AssertionError: assert ('total_orders' in {'breakage_today': 150.0, 'low_stock_items': 2, 'orders_today': 5, 'pending_pos': 1, ...} or 'stats' in {'breakage_today': 150.0, 'low_stock_items': 2, 'orders_today': 5, 'pending_pos': 1, ...})">tests/test_comprehensive_erp.py:46: in test_get_dashboard
    assert "total_orders" in data or "stats" in data
E   AssertionError: assert ('total_orders' in {'breakage_today': 150.0, 'low_stock_items': 2, 'orders_today': 5, 'pending_pos': 1, ...} or 'stats' in {'breakage_today': 150.0, 'low_stock_items': 2, 'orders_today': 5, 'pending_pos': 1, ...})</failure></testcase><testcase classname="tests.test_comprehensive_erp.TestAdminDashboard" name="test_get_revenue_chart" time="0.044" /><testcase classname="tests.test_comprehensive_erp.TestAdminDashboard" name="test_get_production_chart" time="0.042" /><testcase classname="tests.test_comprehensive_erp.TestAdminDashboard" name="test_get_expense_chart" time="0.039" /><testcase classname="tests.test_comprehensive_erp.TestAdminDashboard" name="test_get_top_customers" time="0.040" /><testcase classname="tests.test_comprehensive_erp.TestCRMModule" name="test_get_leads" time="0.041" /><testcase classname="tests.test_comprehensive_erp.TestCRMModule" name="test_create_lead" time="0.042" /><testcase classname="tests.test_comprehensive_erp.TestProductionModule" name="test_get_orders" time="0.035" /><testcase classname="tests.test_comprehensive_erp.TestProductionModule" name="test_create_order" time="0.039" /><testcase classname="tests.test_comprehensive_erp.TestHRModule" name="test_get_employees" time="0.036" /><testcase classname="tests.test_comprehensive_erp.TestHRModule" name="test_create_employee" time="0.039" /><testcase classname="tests.test_comprehensive_erp.TestHRModule" name="test_get_attendance" time="0.035" /><testcase classname="tests.test_comprehensive_erp.TestHRModule" name="test_get_salaries" time="0.035" /><testcase classname="tests.test_comprehensive_erp.TestInventoryModule" name="test_get_materials" time="0.036" /><testcase classname="tests.test_comprehensive_erp.TestInventoryModule" name="test_create_material" time="0.038" /><testcase classname="tests.test_comprehensive_erp.TestInventoryModule" name="test_get_low_stock" time="0.035" /><testcase classname="tests.test_comprehensive_erp.TestPurchaseModule" name="test_get_suppliers" time="0.040" /><testcase classname="tests.test_comprehensive_erp.TestPurchaseModule" name="test_get_purchase_orders" time="0.072" /><testcase classname="tests.test_comprehensive_erp.TestPurchaseModule" name="test_create_supplier" time="0.040" /><testcase classname="tests.test_comprehensive_erp.TestAccountsModule" name="test_get_dashboard" time="0.036" /><testcase classname="tests.test_comprehensive_erp.TestAccountsModule" name="test_get_invoices" time="0.040" /><testcase classname="tests.test_comprehensive_erp.TestAccountsModule" name="test_get_profit_loss" time="0.039" /><testcase classname="tests.test_comprehensive_erp.TestAccountsModule" name="test_get_gst_report" time="0.036" /><testcase classname="tests.test_comprehensive_erp.TestPayoutsModule" name="test_get_dashboard" time="0.036" /><testcase classname="tests.test_comprehensive_erp.TestPayoutsModule" name="test_get_fund_accounts" time="0.080" /><testcase classname="tests.test_comprehensive_erp.TestPayoutsModule" name="test_get_payout_history" time="0.037" /><testcase classname="tests.test_comprehensive_erp.TestExpensesModule" name="test_get_dashboard" time="0.036" /><testcase classname="tests.test_comprehensive_erp.TestExpensesModule" name="test_get_categories" time="0.034" /><testcase classname="tests.test_comprehensive_erp.TestExpensesModule" name="test_get_entries" time="0.037" /><testcase classname="tests.test_comprehensive_erp.TestExpensesModule" name="test_create_expense" time="0.046"><failure message="assert 520 in [200, 201]&#10; +  where 520 = &lt;Response [520]&gt;.status_code">tests/test_comprehensive_erp.py:342: in test_create_expense
    assert response.status_code in [200, 201]
E   assert 520 in [200, 201]
E    +  where 520 = &lt;Response [520]&gt;.status_code</failure></testcase><testcase classname="tests.test_comprehensive_erp.TestAssetsModule" name="test_get_types" time="0.039" /><testcase classname="tests.test_comprehensive_erp.TestAssetsModule" name="test_get_owned_assets" time="0.034" /><testcase classname="tests.test_comprehensive_erp.TestAssetsModule" name="test_get_rented_assets" time="0.036" /><testcase classname="tests.test_comprehensive_erp.TestAssetsModule" name="test_get_handover_requests" time="0.039" /><testcase classname="tests.test_comprehensive_erp.TestAssetsModule" name="test_get_asset_register" time="0.033" /><testcase classname="tests.test_comprehensive_erp.TestHolidaysModule" name="test_get_types" time="0.035" /><testcase classname="tests.test_comprehensive_erp.TestHolidaysModule" name="test_get_settings" time="0.041" /><testcase classname="tests.test_comprehensive_erp.TestHolidaysModule" name="test_get_holidays" time="0.034" /><testcase classname="tests.test_comprehensive_erp.TestHolidaysModule" name="test_get_calendar" time="0.046" /><testcase classname="tests.test_comprehensive_erp.TestHolidaysModule" name="test_get_overtime" time="0.035" /><testcase classname="tests.test_comprehensive_erp.TestWalletModule" name="test_get_settings" time="0.041" /><testcase classname="tests.test_comprehensive_erp.TestWalletModule" name="test_get_admin_stats" time="0.039" /><testcase classname="tests.test_comprehensive_erp.TestWalletModule" name="test_get_all_wallets" time="0.040" /><testcase classname="tests.test_comprehensive_erp.TestQRCodeModule" name="test_get_job_card_qr" time="0.107" /><testcase classname="tests.test_comprehensive_erp.TestQRCodeModule" name="test_get_job_card_print_data" time="0.109" /><testcase classname="tests.test_comprehensive_erp.TestCustomerPortal" name="test_get_my_orders" time="0.295" /></testsuite></testsuites>