<?xml version="1.0" encoding="utf-8"?><testsuites name="pytest tests"><testsuite name="pytest" errors="0" failures="2" skipped="0" tests="29" time="8.240" timestamp="2026-01-01T18:51:12.428332+00:00" hostname="agent-env-c7b88177-80de-49e8-b27c-55a577a61eaf"><testcase classname="tests.test_sfa_phase2.TestSFAPhase2APIs" name="test_get_alerts_endpoint_exists" time="0.338" /><testcase classname="tests.test_sfa_phase2.TestSFAPhase2APIs" name="test_get_alerts_response_structure" time="0.276" /><testcase classname="tests.test_sfa_phase2.TestSFAPhase2APIs" name="test_get_alerts_with_date_filter" time="0.274" /><testcase classname="tests.test_sfa_phase2.TestSFAPhase2APIs" name="test_alerts_types_structure" time="0.276" /><testcase classname="tests.test_sfa_phase2.TestSFAPhase2APIs" name="test_get_performance_scorecard_endpoint_exists" time="0.272" /><testcase classname="tests.test_sfa_phase2.TestSFAPhase2APIs" name="test_performance_scorecard_response_structure" time="0.270" /><testcase classname="tests.test_sfa_phase2.TestSFAPhase2APIs" name="test_performance_scorecard_summary_fields" time="0.272" /><testcase classname="tests.test_sfa_phase2.TestSFAPhase2APIs" name="test_performance_scorecard_targets" time="0.307" /><testcase classname="tests.test_sfa_phase2.TestSFAPhase2APIs" name="test_performance_scorecard_employee_grades" time="0.268" /><testcase classname="tests.test_sfa_phase2.TestSFAPhase2APIs" name="test_performance_scorecard_scores_structure" time="0.271" /><testcase classname="tests.test_sfa_phase2.TestSFAPhase2APIs" name="test_performance_scorecard_with_month_filter" time="0.269" /><testcase classname="tests.test_sfa_phase2.TestSFAPhase2APIs" name="test_get_stops_endpoint_exists" time="0.272" /><testcase classname="tests.test_sfa_phase2.TestSFAPhase2APIs" name="test_get_stops_response_structure" time="0.272" /><testcase classname="tests.test_sfa_phase2.TestSFAPhase2APIs" name="test_get_stops_with_date_filter" time="0.268" /><testcase classname="tests.test_sfa_phase2.TestSFAPhase2APIs" name="test_get_individual_performance_endpoint_exists" time="0.267" /><testcase classname="tests.test_sfa_phase2.TestSFAPhase2APIs" name="test_individual_performance_response_structure" time="0.308" /><testcase classname="tests.test_sfa_phase2.TestSFAPhase2APIs" name="test_individual_performance_summary_fields" time="0.272" /><testcase classname="tests.test_sfa_phase2.TestSFAPhase2APIs" name="test_individual_performance_with_month_filter" time="0.267" /><testcase classname="tests.test_sfa_phase2.TestSFAPhase2APIs" name="test_my_day_endpoint_still_works" time="0.282" /><testcase classname="tests.test_sfa_phase2.TestSFAPhase2APIs" name="test_team_dashboard_endpoint_still_works" time="0.268" /><testcase classname="tests.test_sfa_phase2.TestSFAPhase2APIs" name="test_daily_summary_report_still_works" time="0.306" /><testcase classname="tests.test_sfa_phase2.TestSFAPhase2APIs" name="test_monthly_summary_report_still_works" time="0.268" /><testcase classname="tests.test_sfa_phase2.TestSFAPhase2APIs" name="test_alerts_requires_manager_role" time="0.296"><failure message="AssertionError: Expected auth error, got 200&#10;assert 200 in [401, 403, 422]&#10; +  where 200 = &lt;Response [200]&gt;.status_code">tests/test_sfa_phase2.py:314: in test_alerts_requires_manager_role
    assert response.status_code in [401, 403, 422], f"Expected auth error, got {response.status_code}"
E   AssertionError: Expected auth error, got 200
E   assert 200 in [401, 403, 422]
E    +  where 200 = &lt;Response [200]&gt;.status_code</failure></testcase><testcase classname="tests.test_sfa_phase2.TestSFAPhase2APIs" name="test_performance_scorecard_requires_manager_role" time="0.338"><failure message="AssertionError: Expected auth error, got 200&#10;assert 200 in [401, 403, 422]&#10; +  where 200 = &lt;Response [200]&gt;.status_code">tests/test_sfa_phase2.py:322: in test_performance_scorecard_requires_manager_role
    assert response.status_code in [401, 403, 422], f"Expected auth error, got {response.status_code}"
E   AssertionError: Expected auth error, got 200
E   assert 200 in [401, 403, 422]
E    +  where 200 = &lt;Response [200]&gt;.status_code</failure></testcase><testcase classname="tests.test_sfa_phase2.TestSFADayStartEndVisit" name="test_day_start_endpoint_exists" time="0.266" /><testcase classname="tests.test_sfa_phase2.TestSFADayStartEndVisit" name="test_day_end_endpoint_exists" time="0.273" /><testcase classname="tests.test_sfa_phase2.TestSFADayStartEndVisit" name="test_visit_start_endpoint_exists" time="0.264" /><testcase classname="tests.test_sfa_phase2.TestSFADayStartEndVisit" name="test_location_ping_endpoint_exists" time="0.272" /><testcase classname="tests.test_sfa_phase2.TestSFADayStartEndVisit" name="test_employee_timeline_endpoint_exists" time="0.266" /></testsuite></testsuites>