<?xml version="1.0" encoding="utf-8"?><testsuites name="pytest tests"><testsuite name="pytest" errors="0" failures="2" skipped="0" tests="28" time="1.357" timestamp="2026-01-01T17:36:11.508768+00:00" hostname="agent-env-c7113736-6e2b-42a7-9812-96563ccf22cb"><testcase classname="tests.test_superadmin_audit.TestSuperAdminAuthentication" name="test_super_admin_login" time="0.305" /><testcase classname="tests.test_superadmin_audit.TestSuperAdminAuthentication" name="test_super_admin_me_endpoint" time="0.248" /><testcase classname="tests.test_superadmin_audit.TestSuperAdminDashboard" name="test_dashboard_returns_data" time="0.021" /><testcase classname="tests.test_superadmin_audit.TestSuperAdminDashboard" name="test_dashboard_role_distribution" time="0.017" /><testcase classname="tests.test_superadmin_audit.TestSuperAdminDashboard" name="test_dashboard_system_stats" time="0.058" /><testcase classname="tests.test_superadmin_audit.TestUserManagement" name="test_get_all_users" time="0.013" /><testcase classname="tests.test_superadmin_audit.TestUserManagement" name="test_filter_users_by_role" time="0.014" /><testcase classname="tests.test_superadmin_audit.TestUserManagement" name="test_search_users" time="0.011" /><testcase classname="tests.test_superadmin_audit.TestUserManagement" name="test_create_user" time="0.030" /><testcase classname="tests.test_superadmin_audit.TestUserManagement" name="test_create_user_duplicate_email" time="0.012" /><testcase classname="tests.test_superadmin_audit.TestUserManagement" name="test_disable_user" time="0.068" /><testcase classname="tests.test_superadmin_audit.TestUserManagement" name="test_enable_user" time="0.014" /><testcase classname="tests.test_superadmin_audit.TestUserManagement" name="test_delete_user" time="0.060" /><testcase classname="tests.test_superadmin_audit.TestUserManagement" name="test_cannot_delete_super_admin" time="0.063" /><testcase classname="tests.test_superadmin_audit.TestAuditTrailLogs" name="test_get_audit_logs" time="0.012" /><testcase classname="tests.test_superadmin_audit.TestAuditTrailLogs" name="test_filter_audit_logs_by_action" time="0.011" /><testcase classname="tests.test_superadmin_audit.TestAuditTrailLogs" name="test_filter_audit_logs_by_module" time="0.010" /><testcase classname="tests.test_superadmin_audit.TestDailyActivity" name="test_get_daily_activity" time="0.010" /><testcase classname="tests.test_superadmin_audit.TestDailyActivity" name="test_daily_activity_user_breakdown" time="0.011" /><testcase classname="tests.test_superadmin_audit.TestMonthlyMIS" name="test_get_monthly_mis" time="0.010" /><testcase classname="tests.test_superadmin_audit.TestMonthlyMIS" name="test_monthly_mis_top_performers" time="0.051" /><testcase classname="tests.test_superadmin_audit.TestYearlyAudit" name="test_get_yearly_audit" time="0.039" /><testcase classname="tests.test_superadmin_audit.TestApprovalHistory" name="test_get_approval_history" time="0.010" /><testcase classname="tests.test_superadmin_audit.TestDeletedRecords" name="test_get_deleted_records" time="0.050" /><testcase classname="tests.test_superadmin_audit.TestEmployeePerformance" name="test_get_employee_performance" time="0.012" /><testcase classname="tests.test_superadmin_audit.TestAccessControl" name="test_non_super_admin_cannot_access_superadmin_apis" time="0.018"><failure message="assert 200 in [401, 403]&#10; +  where 200 = &lt;Response [200]&gt;.status_code">tests/test_superadmin_audit.py:523: in test_non_super_admin_cannot_access_superadmin_apis
    assert response.status_code in [401, 403]
E   assert 200 in [401, 403]
E    +  where 200 = &lt;Response [200]&gt;.status_code</failure></testcase><testcase classname="tests.test_superadmin_audit.TestAccessControl" name="test_audit_apis_require_admin_role" time="0.010"><failure message="assert 200 in [401, 403]&#10; +  where 200 = &lt;Response [200]&gt;.status_code">tests/test_superadmin_audit.py:529: in test_audit_apis_require_admin_role
    assert response.status_code in [401, 403]
E   assert 200 in [401, 403]
E    +  where 200 = &lt;Response [200]&gt;.status_code</failure></testcase><testcase classname="tests.test_superadmin_audit.TestReportsSummary" name="test_get_reports_summary" time="0.011" /></testsuite></testsuites>